Unity Editor version:    2021.3.4f1 (cb45f9cae8b7)
Branch:                  2021.3/staging
Build type:              Release
Batch mode:              YES
macOS version:           Version 13.2.1 (Build 22D68)
Darwin version:          22.3.0
Architecture:            arm64
Running under Rosetta:   NO
Available memory:        16384 MB
Using pre-set license
Pro License: YES

COMMAND LINE ARGUMENTS:
/Applications/Unity/Hub/Editor/2021.3.4f1/Unity.app/Contents/MacOS/Unity
-adb2
-batchMode
-noUpm
-name
AssetImportWorker0
-projectPath
/Users/aayushgupta/Desktop/Outscal Assignments/battle-tank-game
-logFile
Logs/AssetImportWorker0.log
-srvPort
52949
Successfully changed project path to: /Users/aayushgupta/Desktop/Outscal Assignments/battle-tank-game
/Users/aayushgupta/Desktop/Outscal Assignments/battle-tank-game
[UnityMemory] Configuration Parameters - Can be set up in boot.config
    "memorysetup-bucket-allocator-granularity=16"
    "memorysetup-bucket-allocator-bucket-count=8"
    "memorysetup-bucket-allocator-block-size=33554432"
    "memorysetup-bucket-allocator-block-count=8"
    "memorysetup-main-allocator-block-size=16777216"
    "memorysetup-thread-allocator-block-size=16777216"
    "memorysetup-gfx-main-allocator-block-size=16777216"
    "memorysetup-gfx-thread-allocator-block-size=16777216"
    "memorysetup-cache-allocator-block-size=4194304"
    "memorysetup-typetree-allocator-block-size=2097152"
    "memorysetup-profiler-bucket-allocator-granularity=16"
    "memorysetup-profiler-bucket-allocator-bucket-count=8"
    "memorysetup-profiler-bucket-allocator-block-size=33554432"
    "memorysetup-profiler-bucket-allocator-block-count=8"
    "memorysetup-profiler-allocator-block-size=16777216"
    "memorysetup-profiler-editor-allocator-block-size=1048576"
    "memorysetup-temp-allocator-size-main=16777216"
    "memorysetup-job-temp-allocator-block-size=2097152"
    "memorysetup-job-temp-allocator-block-size-background=1048576"
    "memorysetup-job-temp-allocator-reduction-small-platforms=262144"
    "memorysetup-temp-allocator-size-background-worker=32768"
    "memorysetup-temp-allocator-size-job-worker=262144"
    "memorysetup-temp-allocator-size-preload-manager=33554432"
    "memorysetup-temp-allocator-size-nav-mesh-worker=65536"
    "memorysetup-temp-allocator-size-audio-worker=65536"
    "memorysetup-temp-allocator-size-cloud-worker=32768"
    "memorysetup-temp-allocator-size-gi-baking-worker=262144"
    "memorysetup-temp-allocator-size-gfx=262144"
Refreshing native plugins compatible for Editor in 30.71 ms, found 2 plugins.
Preloading 0 native plugins for Editor in 0.00 ms.
Initialize engine version: 2021.3.4f1 (cb45f9cae8b7)
[Subsystems] Discovering subsystems at path /Applications/Unity/Hub/Editor/2021.3.4f1/Unity.app/Contents/Resources/UnitySubsystems
[Subsystems] Discovering subsystems at path /Users/aayushgupta/Desktop/Outscal Assignments/battle-tank-game/Assets
GfxDevice: creating device client; threaded=0; jobified=0
 preferred device: Apple M1 Pro (high power)
Metal devices available: 1
0: Apple M1 Pro (high power)
Using device Apple M1 Pro (high power)
Initializing Metal device caps: Apple M1 Pro
Initialize mono
Mono path[0] = '/Applications/Unity/Hub/Editor/2021.3.4f1/Unity.app/Contents/Managed'
Mono path[1] = '/Applications/Unity/Hub/Editor/2021.3.4f1/Unity.app/Contents/MonoBleedingEdge/lib/mono/unityjit-macos'
Mono config path = '/Applications/Unity/Hub/Editor/2021.3.4f1/Unity.app/Contents/MonoBleedingEdge/etc'
Using monoOptions --debugger-agent=transport=dt_socket,embedding=1,server=y,suspend=n,address=127.0.0.1:56267
Begin MonoManager ReloadAssembly
Registering precompiled unity dll's ...
Register platform support module: /Applications/Unity/Hub/Editor/2021.3.4f1/PlaybackEngines/WebGLSupport/UnityEditor.WebGL.Extensions.dll
Register platform support module: /Applications/Unity/Hub/Editor/2021.3.4f1/Unity.app/Contents/PlaybackEngines/MacStandaloneSupport/UnityEditor.OSXStandalone.Extensions.dll
Register platform support module: /Applications/Unity/Hub/Editor/2021.3.4f1/PlaybackEngines/AndroidPlayer/UnityEditor.Android.Extensions.dll
Register platform support module: /Applications/Unity/Hub/Editor/2021.3.4f1/PlaybackEngines/WindowsStandaloneSupport/UnityEditor.WindowsStandalone.Extensions.dll
Registered in 0.000790 seconds.
Native extension for WindowsStandalone target not found
Native extension for Android target not found
Native extension for OSXStandalone target not found
Native extension for WebGL target not found
Refreshing native plugins compatible for Editor in 32.33 ms, found 2 plugins.
Preloading 0 native plugins for Editor in 0.00 ms.
Mono: successfully reloaded assembly
- Completed reload, in  0.313 seconds
Domain Reload Profiling:
	ReloadAssembly (313ms)
		BeginReloadAssembly (25ms)
			ExecutionOrderSort (0ms)
			DisableScriptedObjects (0ms)
			BackupInstance (0ms)
			ReleaseScriptingObjects (0ms)
			CreateAndSetChildDomain (0ms)
		EndReloadAssembly (230ms)
			LoadAssemblies (24ms)
			RebuildTransferFunctionScriptingTraits (0ms)
			SetupTypeCache (58ms)
			ReleaseScriptCaches (0ms)
			RebuildScriptCaches (18ms)
			SetupLoadedEditorAssemblies (130ms)
				LogAssemblyErrors (0ms)
				InitializePlatformSupportModulesInManaged (27ms)
				SetLoadedEditorAssemblies (0ms)
				RefreshPlugins (32ms)
				BeforeProcessingInitializeOnLoad (1ms)
				ProcessInitializeOnLoadAttributes (48ms)
				ProcessInitializeOnLoadMethodAttributes (22ms)
				AfterProcessingInitializeOnLoad (0ms)
				EditorAssembliesLoaded (0ms)
			ExecutionOrderSort2 (0ms)
			AwakeInstancesAfterBackupRestoration (0ms)
Platform modules already initialized, skipping
Registering precompiled user dll's ...
Registered in 0.001321 seconds.
Begin MonoManager ReloadAssembly
Native extension for WindowsStandalone target not found
Native extension for Android target not found
Native extension for OSXStandalone target not found
Native extension for WebGL target not found
Refreshing native plugins compatible for Editor in 0.41 ms, found 2 plugins.
Preloading 0 native plugins for Editor in 0.00 ms.
Package Manager log level set to [2]
Mono: successfully reloaded assembly
- Completed reload, in  0.675 seconds
Domain Reload Profiling:
	ReloadAssembly (675ms)
		BeginReloadAssembly (157ms)
			ExecutionOrderSort (0ms)
			DisableScriptedObjects (3ms)
			BackupInstance (0ms)
			ReleaseScriptingObjects (0ms)
			CreateAndSetChildDomain (116ms)
		EndReloadAssembly (457ms)
			LoadAssemblies (42ms)
			RebuildTransferFunctionScriptingTraits (0ms)
			SetupTypeCache (102ms)
			ReleaseScriptCaches (2ms)
			RebuildScriptCaches (30ms)
			SetupLoadedEditorAssemblies (260ms)
				LogAssemblyErrors (0ms)
				InitializePlatformSupportModulesInManaged (7ms)
				SetLoadedEditorAssemblies (0ms)
				RefreshPlugins (0ms)
				BeforeProcessingInitializeOnLoad (37ms)
				ProcessInitializeOnLoadAttributes (137ms)
				ProcessInitializeOnLoadMethodAttributes (78ms)
				AfterProcessingInitializeOnLoad (1ms)
				EditorAssembliesLoaded (0ms)
			ExecutionOrderSort2 (0ms)
			AwakeInstancesAfterBackupRestoration (2ms)
Platform modules already initialized, skipping
========================================================================
Worker process is ready to serve import requests
Launching external process: /Applications/Unity/Hub/Editor/2021.3.4f1/Unity.app/Contents/Tools/UnityShaderCompiler
Launched and connected shader compiler UnityShaderCompiler after 0.05 seconds
Refreshing native plugins compatible for Editor in 0.39 ms, found 2 plugins.
Preloading 0 native plugins for Editor in 0.00 ms.
Unloading 2420 Unused Serialized files (Serialized files now loaded: 0)
Unloading 63 unused Assets / (365.6 KB). Loaded Objects now: 2856.
Memory consumption went from 63.4 MB to 63.0 MB.
Total: 4.847833 ms (FindLiveObjects: 0.086666 ms CreateObjectMapping: 0.029000 ms MarkObjects: 4.618708 ms  DeleteObjects: 0.112250 ms)

AssetImportParameters requested are different than current active one (requested -> active):
  custom:video-decoder-ogg-theora: a1e56fd34408186e4bbccfd4996cb3dc -> 
  custom:container-muxer-webm: aa71ff27fc2769a1b78a27578f13a17b -> 
  custom:container-demuxer-webm: 4f35f7cbe854078d1ac9338744f61a02 -> 
  custom:video-encoder-webm-vp8: eb34c28f22e8b96e1ab97ce403110664 -> 
  custom:framework-osx-AVFoundation: e770b220cccbd017edd2c1fefb359320 -> 
  custom:audio-encoder-webm-vorbis: bf7c407c2cedff20999df2af8eb42d56 -> 
  custom:container-demuxer-ogg: 62fdf1f143b41e24485cea50d1cbac27 -> 
  custom:video-decoder-webm-vp8: 9c59270c3fd7afecdb556c50c9e8de78 -> 
  custom:audio-decoder-ogg-vorbis: bf7c407c2cedff20999df2af8eb42d56 -> 
========================================================================
Received Import Request.
  Time since last request: 145809.177296 seconds.
  path: Assets/Prefabs/PlayerTanks/Tank.prefab
  artifactKey: Guid(a9326caa88b744cc496f6cfe62e56e54) Importer(815301076,1909f56bfc062723c751e8b465ee728b)
Start importing Assets/Prefabs/PlayerTanks/Tank.prefab using Guid(a9326caa88b744cc496f6cfe62e56e54) Importer(815301076,1909f56bfc062723c751e8b465ee728b)  -> (artifact id: 'f4b3c0a3ca7f7ffa129ac77d6f2f758d') in 0.091882 seconds 
========================================================================
Received Import Request.
  Time since last request: 10.670319 seconds.
  path: Assets/Prefabs/PlayerTanks/BaseTank.prefab
  artifactKey: Guid(a9326caa88b744cc496f6cfe62e56e54) Importer(815301076,1909f56bfc062723c751e8b465ee728b)
Start importing Assets/Prefabs/PlayerTanks/BaseTank.prefab using Guid(a9326caa88b744cc496f6cfe62e56e54) Importer(815301076,1909f56bfc062723c751e8b465ee728b)  -> (artifact id: '9b8f1b40bbcda29bb4f2f9643e856658') in 0.007120 seconds 
========================================================================
Received Import Request.
  Time since last request: 141.795094 seconds.
  path: Assets/Prefabs/PlayerTanks/Tank.prefab
  artifactKey: Guid(58c197af2142c45909535ac622a67857) Importer(815301076,1909f56bfc062723c751e8b465ee728b)
Start importing Assets/Prefabs/PlayerTanks/Tank.prefab using Guid(58c197af2142c45909535ac622a67857) Importer(815301076,1909f56bfc062723c751e8b465ee728b)  -> (artifact id: '47d219827962d6620e97a7fe163f8ae6') in 0.006409 seconds 
========================================================================
Received Import Request.
  Time since last request: 9.736563 seconds.
  path: Assets/Prefabs/PlayerTanks/Blue.prefab
  artifactKey: Guid(58c197af2142c45909535ac622a67857) Importer(815301076,1909f56bfc062723c751e8b465ee728b)
Start importing Assets/Prefabs/PlayerTanks/Blue.prefab using Guid(58c197af2142c45909535ac622a67857) Importer(815301076,1909f56bfc062723c751e8b465ee728b)  -> (artifact id: 'a6fe2f93f7da813e5a54411969f3ae79') in 0.007571 seconds 
========================================================================
Received Import Request.
  Time since last request: 45.420043 seconds.
  path: Assets/Materials/TankYellow.mat
  artifactKey: Guid(17ff53fa318d24aebaa9586974412903) Importer(815301076,1909f56bfc062723c751e8b465ee728b)
Start importing Assets/Materials/TankYellow.mat using Guid(17ff53fa318d24aebaa9586974412903) Importer(815301076,1909f56bfc062723c751e8b465ee728b)  -> (artifact id: '9acdb51a846160fbe39f134236977473') in 0.042579 seconds 
========================================================================
Received Import Request.
  Time since last request: 65.636349 seconds.
  path: Assets/Prefabs/PlayerTanks/Tank.prefab
  artifactKey: Guid(841c3692cee074eedb35d85284c21d83) Importer(815301076,1909f56bfc062723c751e8b465ee728b)
Start importing Assets/Prefabs/PlayerTanks/Tank.prefab using Guid(841c3692cee074eedb35d85284c21d83) Importer(815301076,1909f56bfc062723c751e8b465ee728b)  -> (artifact id: '1d6a857333c671ee32d3be382ab990c7') in 0.006519 seconds 
========================================================================
Received Import Request.
  Time since last request: 11.474045 seconds.
  path: Assets/Prefabs/PlayerTanks/YellowTank.prefab
  artifactKey: Guid(841c3692cee074eedb35d85284c21d83) Importer(815301076,1909f56bfc062723c751e8b465ee728b)
Start importing Assets/Prefabs/PlayerTanks/YellowTank.prefab using Guid(841c3692cee074eedb35d85284c21d83) Importer(815301076,1909f56bfc062723c751e8b465ee728b)  -> (artifact id: 'a305f1ff605bfd76ed210ce5ae8ff02f') in 0.006750 seconds 
========================================================================
Received Import Request.
  Time since last request: 4.956575 seconds.
  path: Assets/Prefabs/PlayerTanks/BlueTank.prefab
  artifactKey: Guid(58c197af2142c45909535ac622a67857) Importer(815301076,1909f56bfc062723c751e8b465ee728b)
Start importing Assets/Prefabs/PlayerTanks/BlueTank.prefab using Guid(58c197af2142c45909535ac622a67857) Importer(815301076,1909f56bfc062723c751e8b465ee728b)  -> (artifact id: '507783a022b4b3ee7bb9912992306834') in 0.006212 seconds 
========================================================================
Received Import Request.
  Time since last request: 46.734509 seconds.
  path: Assets/Prefabs/PlayerTanks/Tank.prefab
  artifactKey: Guid(f5634ed033dd9428583e90d007d9044f) Importer(815301076,1909f56bfc062723c751e8b465ee728b)
Start importing Assets/Prefabs/PlayerTanks/Tank.prefab using Guid(f5634ed033dd9428583e90d007d9044f) Importer(815301076,1909f56bfc062723c751e8b465ee728b)  -> (artifact id: 'a0a2524d5fc0a5c87d8f263caeea53cb') in 0.008572 seconds 
========================================================================
Received Import Request.
  Time since last request: 8.485778 seconds.
  path: Assets/Prefabs/PlayerTanks/WhiteTank.prefab
  artifactKey: Guid(f5634ed033dd9428583e90d007d9044f) Importer(815301076,1909f56bfc062723c751e8b465ee728b)
Start importing Assets/Prefabs/PlayerTanks/WhiteTank.prefab using Guid(f5634ed033dd9428583e90d007d9044f) Importer(815301076,1909f56bfc062723c751e8b465ee728b)  -> (artifact id: 'c754a0791991f110666c3e80c3a3fd23') in 0.006149 seconds 
========================================================================
Received Import Request.
  Time since last request: 37.827928 seconds.
  path: Assets/Fonts/Bowlby_One/BowlbyOne-Regular.ttf
  artifactKey: Guid(3d7fe0a26ba72d949874021dc3d6995e) Importer(815301076,1909f56bfc062723c751e8b465ee728b)
Start importing Assets/Fonts/Bowlby_One/BowlbyOne-Regular.ttf using Guid(3d7fe0a26ba72d949874021dc3d6995e) Importer(815301076,1909f56bfc062723c751e8b465ee728b)  -> (artifact id: '8e2bfacec0206386438689074e3a3cf9') in 0.813616 seconds 
========================================================================
Received Import Request.
  Time since last request: 14.837085 seconds.
  path: Assets/Prefabs/PlayerTanks/Tank.prefab
  artifactKey: Guid(1d95d9468dc604131bca4a7f1f5ed98e) Importer(815301076,1909f56bfc062723c751e8b465ee728b)
Start importing Assets/Prefabs/PlayerTanks/Tank.prefab using Guid(1d95d9468dc604131bca4a7f1f5ed98e) Importer(815301076,1909f56bfc062723c751e8b465ee728b)  -> (artifact id: 'e948741f114025d46940b9283d27aa24') in 0.007673 seconds 
========================================================================
Received Import Request.
  Time since last request: 10.677894 seconds.
  path: Assets/Prefabs/PlayerTanks/GreenTank.prefab
  artifactKey: Guid(1d95d9468dc604131bca4a7f1f5ed98e) Importer(815301076,1909f56bfc062723c751e8b465ee728b)
Start importing Assets/Prefabs/PlayerTanks/GreenTank.prefab using Guid(1d95d9468dc604131bca4a7f1f5ed98e) Importer(815301076,1909f56bfc062723c751e8b465ee728b)  -> (artifact id: 'aebca775999422073420f27a62eaa9ba') in 0.006498 seconds 
========================================================================
Received Import Request.
  Time since last request: 21.478651 seconds.
  path: Assets/Prefabs/PlayerTanks/GreenTank.prefab
  artifactKey: Guid(1d95d9468dc604131bca4a7f1f5ed98e) Importer(815301076,1909f56bfc062723c751e8b465ee728b)
Start importing Assets/Prefabs/PlayerTanks/GreenTank.prefab using Guid(1d95d9468dc604131bca4a7f1f5ed98e) Importer(815301076,1909f56bfc062723c751e8b465ee728b)  -> (artifact id: '4abc5bf920abc2fd0cbcf5146a824d69') in 0.006001 seconds 
========================================================================
Received Import Request.
  Time since last request: 3.634749 seconds.
  path: Assets/Prefabs/PlayerTanks/WhiteTank.prefab
  artifactKey: Guid(f5634ed033dd9428583e90d007d9044f) Importer(815301076,1909f56bfc062723c751e8b465ee728b)
Start importing Assets/Prefabs/PlayerTanks/WhiteTank.prefab using Guid(f5634ed033dd9428583e90d007d9044f) Importer(815301076,1909f56bfc062723c751e8b465ee728b)  -> (artifact id: '733ff46b18cdba0b832e0a25eb30f0dd') in 0.006628 seconds 
========================================================================
Received Import Request.
  Time since last request: 0.822435 seconds.
  path: Assets/Prefabs/PlayerTanks/WhiteTank.prefab
  artifactKey: Guid(f5634ed033dd9428583e90d007d9044f) Importer(815301076,1909f56bfc062723c751e8b465ee728b)
Start importing Assets/Prefabs/PlayerTanks/WhiteTank.prefab using Guid(f5634ed033dd9428583e90d007d9044f) Importer(815301076,1909f56bfc062723c751e8b465ee728b)  -> (artifact id: '07c7e5d4184e5a4bf2aeeb8d39849f42') in 0.005632 seconds 
========================================================================
Received Import Request.
  Time since last request: 1.017991 seconds.
  path: Assets/Prefabs/PlayerTanks/WhiteTank.prefab
  artifactKey: Guid(f5634ed033dd9428583e90d007d9044f) Importer(815301076,1909f56bfc062723c751e8b465ee728b)
Start importing Assets/Prefabs/PlayerTanks/WhiteTank.prefab using Guid(f5634ed033dd9428583e90d007d9044f) Importer(815301076,1909f56bfc062723c751e8b465ee728b)  -> (artifact id: '849b7b35c495b24dd0fe3c1e8ada8940') in 0.008430 seconds 
========================================================================
Received Import Request.
  Time since last request: 11.675876 seconds.
  path: Assets/Prefabs/PlayerTanks/BlueTank.prefab
  artifactKey: Guid(58c197af2142c45909535ac622a67857) Importer(815301076,1909f56bfc062723c751e8b465ee728b)
Start importing Assets/Prefabs/PlayerTanks/BlueTank.prefab using Guid(58c197af2142c45909535ac622a67857) Importer(815301076,1909f56bfc062723c751e8b465ee728b)  -> (artifact id: '467f4f1055b24e51f6971913e2cc9d4c') in 0.007811 seconds 
========================================================================
Received Import Request.
  Time since last request: 0.819170 seconds.
  path: Assets/Prefabs/PlayerTanks/BlueTank.prefab
  artifactKey: Guid(58c197af2142c45909535ac622a67857) Importer(815301076,1909f56bfc062723c751e8b465ee728b)
Start importing Assets/Prefabs/PlayerTanks/BlueTank.prefab using Guid(58c197af2142c45909535ac622a67857) Importer(815301076,1909f56bfc062723c751e8b465ee728b)  -> (artifact id: '18fdcdb8d2c385d56274ab1ac2f76265') in 0.005522 seconds 
========================================================================
Received Import Request.
  Time since last request: 1.434004 seconds.
  path: Assets/Prefabs/PlayerTanks/BlueTank.prefab
  artifactKey: Guid(58c197af2142c45909535ac622a67857) Importer(815301076,1909f56bfc062723c751e8b465ee728b)
Start importing Assets/Prefabs/PlayerTanks/BlueTank.prefab using Guid(58c197af2142c45909535ac622a67857) Importer(815301076,1909f56bfc062723c751e8b465ee728b)  -> (artifact id: 'cc01d6b3ec086b65afceab12a3ebea44') in 0.005759 seconds 
========================================================================
Received Import Request.
  Time since last request: 14.655209 seconds.
  path: Assets/Prefabs/PlayerTanks/YellowTank.prefab
  artifactKey: Guid(841c3692cee074eedb35d85284c21d83) Importer(815301076,1909f56bfc062723c751e8b465ee728b)
Start importing Assets/Prefabs/PlayerTanks/YellowTank.prefab using Guid(841c3692cee074eedb35d85284c21d83) Importer(815301076,1909f56bfc062723c751e8b465ee728b)  -> (artifact id: '51f7a955fdf885c1952d6553e16398f2') in 0.006070 seconds 
========================================================================
Received Import Request.
  Time since last request: 0.602927 seconds.
  path: Assets/Prefabs/PlayerTanks/YellowTank.prefab
  artifactKey: Guid(841c3692cee074eedb35d85284c21d83) Importer(815301076,1909f56bfc062723c751e8b465ee728b)
Start importing Assets/Prefabs/PlayerTanks/YellowTank.prefab using Guid(841c3692cee074eedb35d85284c21d83) Importer(815301076,1909f56bfc062723c751e8b465ee728b)  -> (artifact id: 'f064ba80e6600f1a92c52538dc62efd0') in 0.005062 seconds 
========================================================================
Received Import Request.
  Time since last request: 0.404908 seconds.
  path: Assets/Prefabs/PlayerTanks/YellowTank.prefab
  artifactKey: Guid(841c3692cee074eedb35d85284c21d83) Importer(815301076,1909f56bfc062723c751e8b465ee728b)
Start importing Assets/Prefabs/PlayerTanks/YellowTank.prefab using Guid(841c3692cee074eedb35d85284c21d83) Importer(815301076,1909f56bfc062723c751e8b465ee728b)  -> (artifact id: '272124deed7453acef5fef81b64e9c14') in 0.005395 seconds 
========================================================================
Received Prepare
Registering precompiled user dll's ...
Registered in 0.001180 seconds.
Begin MonoManager ReloadAssembly
Thread 0x29539b000 may have been prematurely finalized
Native extension for WindowsStandalone target not found
Native extension for Android target not found
Native extension for OSXStandalone target not found
Native extension for WebGL target not found
Refreshing native plugins compatible for Editor in 0.40 ms, found 2 plugins.
Preloading 0 native plugins for Editor in 0.00 ms.
Mono: successfully reloaded assembly
- Completed reload, in  0.558 seconds
Domain Reload Profiling:
	ReloadAssembly (559ms)
		BeginReloadAssembly (66ms)
			ExecutionOrderSort (0ms)
			DisableScriptedObjects (3ms)
			BackupInstance (0ms)
			ReleaseScriptingObjects (0ms)
			CreateAndSetChildDomain (23ms)
		EndReloadAssembly (442ms)
			LoadAssemblies (29ms)
			RebuildTransferFunctionScriptingTraits (0ms)
			SetupTypeCache (105ms)
			ReleaseScriptCaches (1ms)
			RebuildScriptCaches (25ms)
			SetupLoadedEditorAssemblies (252ms)
				LogAssemblyErrors (0ms)
				InitializePlatformSupportModulesInManaged (9ms)
				SetLoadedEditorAssemblies (0ms)
				RefreshPlugins (0ms)
				BeforeProcessingInitializeOnLoad (29ms)
				ProcessInitializeOnLoadAttributes (131ms)
				ProcessInitializeOnLoadMethodAttributes (81ms)
				AfterProcessingInitializeOnLoad (1ms)
				EditorAssembliesLoaded (0ms)
			ExecutionOrderSort2 (0ms)
			AwakeInstancesAfterBackupRestoration (2ms)
Platform modules already initialized, skipping
Refreshing native plugins compatible for Editor in 1.48 ms, found 2 plugins.
Preloading 0 native plugins for Editor in 0.00 ms.
Unloading 2395 Unused Serialized files (Serialized files now loaded: 0)
Unloading 52 unused Assets / (346.2 KB). Loaded Objects now: 2902.
Memory consumption went from 306.2 MB to 305.8 MB.
Total: 6.201000 ms (FindLiveObjects: 0.091791 ms CreateObjectMapping: 0.032292 ms MarkObjects: 6.014583 ms  DeleteObjects: 0.061750 ms)

AssetImportParameters requested are different than current active one (requested -> active):
  custom:video-decoder-ogg-theora: a1e56fd34408186e4bbccfd4996cb3dc -> 
  custom:container-muxer-webm: aa71ff27fc2769a1b78a27578f13a17b -> 
  custom:container-demuxer-webm: 4f35f7cbe854078d1ac9338744f61a02 -> 
  custom:video-encoder-webm-vp8: eb34c28f22e8b96e1ab97ce403110664 -> 
  custom:framework-osx-AVFoundation: e770b220cccbd017edd2c1fefb359320 -> 
  custom:audio-encoder-webm-vorbis: bf7c407c2cedff20999df2af8eb42d56 -> 
  custom:container-demuxer-ogg: 62fdf1f143b41e24485cea50d1cbac27 -> 
  custom:video-decoder-webm-vp8: 9c59270c3fd7afecdb556c50c9e8de78 -> 
  custom:audio-decoder-ogg-vorbis: bf7c407c2cedff20999df2af8eb42d56 -> 
========================================================================
Received Import Request.
  Time since last request: 198.876661 seconds.
  path: Assets/ScriptableObjects/GreenBaseTank.asset
  artifactKey: Guid(a407cc810a4db47f38cd3f0689d18b69) Importer(815301076,1909f56bfc062723c751e8b465ee728b)
Start importing Assets/ScriptableObjects/GreenBaseTank.asset using Guid(a407cc810a4db47f38cd3f0689d18b69) Importer(815301076,1909f56bfc062723c751e8b465ee728b)  -> (artifact id: '684ab81f297b6520970a681df4b3d525') in 0.032581 seconds 
========================================================================
Received Import Request.
  Time since last request: 100.972570 seconds.
  path: Assets/ScriptableObjects/YellowSlowTank.asset
  artifactKey: Guid(b16eae04821174c9b9c2bbff9167f79b) Importer(815301076,1909f56bfc062723c751e8b465ee728b)
Start importing Assets/ScriptableObjects/YellowSlowTank.asset using Guid(b16eae04821174c9b9c2bbff9167f79b) Importer(815301076,1909f56bfc062723c751e8b465ee728b)  -> (artifact id: 'd06355ab7bcd326a3cbb23846b555aec') in 0.001112 seconds 
========================================================================
Received Import Request.
  Time since last request: 70.867722 seconds.
  path: Assets/ScriptableObjects/WhiteStrongTank.asset
  artifactKey: Guid(ce6799efa8d624b05bd96441ded5f86e) Importer(815301076,1909f56bfc062723c751e8b465ee728b)
Start importing Assets/ScriptableObjects/WhiteStrongTank.asset using Guid(ce6799efa8d624b05bd96441ded5f86e) Importer(815301076,1909f56bfc062723c751e8b465ee728b)  -> (artifact id: '2bec65b50d724815e80a4ec8113f1884') in 0.000954 seconds 
========================================================================
Received Prepare
Registering precompiled user dll's ...
Registered in 0.001508 seconds.
Begin MonoManager ReloadAssembly
Thread 0x290313000 may have been prematurely finalized
Native extension for WindowsStandalone target not found
Native extension for Android target not found
Native extension for OSXStandalone target not found
Native extension for WebGL target not found
Refreshing native plugins compatible for Editor in 0.46 ms, found 2 plugins.
Preloading 0 native plugins for Editor in 0.00 ms.
Mono: successfully reloaded assembly
- Completed reload, in  0.591 seconds
Domain Reload Profiling:
	ReloadAssembly (592ms)
		BeginReloadAssembly (62ms)
			ExecutionOrderSort (0ms)
			DisableScriptedObjects (3ms)
			BackupInstance (0ms)
			ReleaseScriptingObjects (0ms)
			CreateAndSetChildDomain (19ms)
		EndReloadAssembly (477ms)
			LoadAssemblies (46ms)
			RebuildTransferFunctionScriptingTraits (0ms)
			SetupTypeCache (105ms)
			ReleaseScriptCaches (1ms)
			RebuildScriptCaches (27ms)
			SetupLoadedEditorAssemblies (270ms)
				LogAssemblyErrors (0ms)
				InitializePlatformSupportModulesInManaged (9ms)
				SetLoadedEditorAssemblies (0ms)
				RefreshPlugins (0ms)
				BeforeProcessingInitializeOnLoad (31ms)
				ProcessInitializeOnLoadAttributes (144ms)
				ProcessInitializeOnLoadMethodAttributes (85ms)
				AfterProcessingInitializeOnLoad (1ms)
				EditorAssembliesLoaded (0ms)
			ExecutionOrderSort2 (0ms)
			AwakeInstancesAfterBackupRestoration (2ms)
Platform modules already initialized, skipping
Refreshing native plugins compatible for Editor in 1.63 ms, found 2 plugins.
Preloading 0 native plugins for Editor in 0.00 ms.
Unloading 2395 Unused Serialized files (Serialized files now loaded: 0)
Unloading 52 unused Assets / (346.2 KB). Loaded Objects now: 2905.
Memory consumption went from 390.7 MB to 390.4 MB.
Total: 4.869916 ms (FindLiveObjects: 0.097667 ms CreateObjectMapping: 0.030125 ms MarkObjects: 4.655333 ms  DeleteObjects: 0.086125 ms)

AssetImportParameters requested are different than current active one (requested -> active):
  custom:video-decoder-ogg-theora: a1e56fd34408186e4bbccfd4996cb3dc -> 
  custom:container-muxer-webm: aa71ff27fc2769a1b78a27578f13a17b -> 
  custom:container-demuxer-webm: 4f35f7cbe854078d1ac9338744f61a02 -> 
  custom:video-encoder-webm-vp8: eb34c28f22e8b96e1ab97ce403110664 -> 
  custom:framework-osx-AVFoundation: e770b220cccbd017edd2c1fefb359320 -> 
  custom:audio-encoder-webm-vorbis: bf7c407c2cedff20999df2af8eb42d56 -> 
  custom:container-demuxer-ogg: 62fdf1f143b41e24485cea50d1cbac27 -> 
  custom:video-decoder-webm-vp8: 9c59270c3fd7afecdb556c50c9e8de78 -> 
  custom:audio-decoder-ogg-vorbis: bf7c407c2cedff20999df2af8eb42d56 -> 
========================================================================
Received Prepare
Registering precompiled user dll's ...
Registered in 0.001773 seconds.
Begin MonoManager ReloadAssembly
Thread 0x16e277000 may have been prematurely finalized
Native extension for WindowsStandalone target not found
Native extension for Android target not found
Native extension for OSXStandalone target not found
Native extension for WebGL target not found
Refreshing native plugins compatible for Editor in 0.46 ms, found 2 plugins.
Preloading 0 native plugins for Editor in 0.00 ms.
Mono: successfully reloaded assembly
- Completed reload, in  0.596 seconds
Domain Reload Profiling:
	ReloadAssembly (596ms)
		BeginReloadAssembly (76ms)
			ExecutionOrderSort (0ms)
			DisableScriptedObjects (4ms)
			BackupInstance (0ms)
			ReleaseScriptingObjects (0ms)
			CreateAndSetChildDomain (23ms)
		EndReloadAssembly (468ms)
			LoadAssemblies (39ms)
			RebuildTransferFunctionScriptingTraits (0ms)
			SetupTypeCache (105ms)
			ReleaseScriptCaches (1ms)
			RebuildScriptCaches (28ms)
			SetupLoadedEditorAssemblies (275ms)
				LogAssemblyErrors (0ms)
				InitializePlatformSupportModulesInManaged (10ms)
				SetLoadedEditorAssemblies (0ms)
				RefreshPlugins (0ms)
				BeforeProcessingInitializeOnLoad (31ms)
				ProcessInitializeOnLoadAttributes (140ms)
				ProcessInitializeOnLoadMethodAttributes (93ms)
				AfterProcessingInitializeOnLoad (1ms)
				EditorAssembliesLoaded (0ms)
			ExecutionOrderSort2 (0ms)
			AwakeInstancesAfterBackupRestoration (2ms)
Platform modules already initialized, skipping
Refreshing native plugins compatible for Editor in 1.65 ms, found 2 plugins.
Preloading 0 native plugins for Editor in 0.00 ms.
Unloading 2395 Unused Serialized files (Serialized files now loaded: 0)
Unloading 52 unused Assets / (346.1 KB). Loaded Objects now: 2908.
Memory consumption went from 396.2 MB to 395.9 MB.
Total: 5.008041 ms (FindLiveObjects: 0.105583 ms CreateObjectMapping: 0.031959 ms MarkObjects: 4.779791 ms  DeleteObjects: 0.090083 ms)

AssetImportParameters requested are different than current active one (requested -> active):
  custom:video-decoder-ogg-theora: a1e56fd34408186e4bbccfd4996cb3dc -> 
  custom:container-muxer-webm: aa71ff27fc2769a1b78a27578f13a17b -> 
  custom:container-demuxer-webm: 4f35f7cbe854078d1ac9338744f61a02 -> 
  custom:video-encoder-webm-vp8: eb34c28f22e8b96e1ab97ce403110664 -> 
  custom:framework-osx-AVFoundation: e770b220cccbd017edd2c1fefb359320 -> 
  custom:audio-encoder-webm-vorbis: bf7c407c2cedff20999df2af8eb42d56 -> 
  custom:container-demuxer-ogg: 62fdf1f143b41e24485cea50d1cbac27 -> 
  custom:video-decoder-webm-vp8: 9c59270c3fd7afecdb556c50c9e8de78 -> 
  custom:audio-decoder-ogg-vorbis: bf7c407c2cedff20999df2af8eb42d56 -> 
========================================================================
Received Prepare
Registering precompiled user dll's ...
Registered in 0.001112 seconds.
Begin MonoManager ReloadAssembly
Thread 0x16e277000 may have been prematurely finalized
Native extension for WindowsStandalone target not found
Native extension for Android target not found
Native extension for OSXStandalone target not found
Native extension for WebGL target not found
Refreshing native plugins compatible for Editor in 0.40 ms, found 2 plugins.
Preloading 0 native plugins for Editor in 0.00 ms.
Mono: successfully reloaded assembly
- Completed reload, in  0.560 seconds
Domain Reload Profiling:
	ReloadAssembly (560ms)
		BeginReloadAssembly (56ms)
			ExecutionOrderSort (0ms)
			DisableScriptedObjects (4ms)
			BackupInstance (0ms)
			ReleaseScriptingObjects (0ms)
			CreateAndSetChildDomain (16ms)
		EndReloadAssembly (453ms)
			LoadAssemblies (26ms)
			RebuildTransferFunctionScriptingTraits (0ms)
			SetupTypeCache (102ms)
			ReleaseScriptCaches (1ms)
			RebuildScriptCaches (26ms)
			SetupLoadedEditorAssemblies (269ms)
				LogAssemblyErrors (0ms)
				InitializePlatformSupportModulesInManaged (9ms)
				SetLoadedEditorAssemblies (0ms)
				RefreshPlugins (0ms)
				BeforeProcessingInitializeOnLoad (28ms)
				ProcessInitializeOnLoadAttributes (144ms)
				ProcessInitializeOnLoadMethodAttributes (86ms)
				AfterProcessingInitializeOnLoad (1ms)
				EditorAssembliesLoaded (0ms)
			ExecutionOrderSort2 (0ms)
			AwakeInstancesAfterBackupRestoration (2ms)
Platform modules already initialized, skipping
Refreshing native plugins compatible for Editor in 2.08 ms, found 2 plugins.
Preloading 0 native plugins for Editor in 0.00 ms.
Unloading 2395 Unused Serialized files (Serialized files now loaded: 0)
Unloading 52 unused Assets / (346.1 KB). Loaded Objects now: 2911.
Memory consumption went from 401.7 MB to 401.4 MB.
Total: 5.418625 ms (FindLiveObjects: 0.098291 ms CreateObjectMapping: 0.032375 ms MarkObjects: 5.216292 ms  DeleteObjects: 0.071167 ms)

AssetImportParameters requested are different than current active one (requested -> active):
  custom:video-decoder-ogg-theora: a1e56fd34408186e4bbccfd4996cb3dc -> 
  custom:container-muxer-webm: aa71ff27fc2769a1b78a27578f13a17b -> 
  custom:container-demuxer-webm: 4f35f7cbe854078d1ac9338744f61a02 -> 
  custom:video-encoder-webm-vp8: eb34c28f22e8b96e1ab97ce403110664 -> 
  custom:framework-osx-AVFoundation: e770b220cccbd017edd2c1fefb359320 -> 
  custom:audio-encoder-webm-vorbis: bf7c407c2cedff20999df2af8eb42d56 -> 
  custom:container-demuxer-ogg: 62fdf1f143b41e24485cea50d1cbac27 -> 
  custom:video-decoder-webm-vp8: 9c59270c3fd7afecdb556c50c9e8de78 -> 
  custom:audio-decoder-ogg-vorbis: bf7c407c2cedff20999df2af8eb42d56 -> 
========================================================================
Received Prepare
Registering precompiled user dll's ...
Registered in 0.001164 seconds.
Begin MonoManager ReloadAssembly
Thread 0x16e277000 may have been prematurely finalized
Native extension for WindowsStandalone target not found
Native extension for Android target not found
Native extension for OSXStandalone target not found
Native extension for WebGL target not found
Refreshing native plugins compatible for Editor in 0.40 ms, found 2 plugins.
Preloading 0 native plugins for Editor in 0.00 ms.
Mono: successfully reloaded assembly
- Completed reload, in  0.554 seconds
Domain Reload Profiling:
	ReloadAssembly (554ms)
		BeginReloadAssembly (55ms)
			ExecutionOrderSort (0ms)
			DisableScriptedObjects (4ms)
			BackupInstance (0ms)
			ReleaseScriptingObjects (0ms)
			CreateAndSetChildDomain (16ms)
		EndReloadAssembly (448ms)
			LoadAssemblies (23ms)
			RebuildTransferFunctionScriptingTraits (0ms)
			SetupTypeCache (102ms)
			ReleaseScriptCaches (1ms)
			RebuildScriptCaches (25ms)
			SetupLoadedEditorAssemblies (267ms)
				LogAssemblyErrors (0ms)
				InitializePlatformSupportModulesInManaged (9ms)
				SetLoadedEditorAssemblies (0ms)
				RefreshPlugins (0ms)
				BeforeProcessingInitializeOnLoad (28ms)
				ProcessInitializeOnLoadAttributes (143ms)
				ProcessInitializeOnLoadMethodAttributes (85ms)
				AfterProcessingInitializeOnLoad (1ms)
				EditorAssembliesLoaded (0ms)
			ExecutionOrderSort2 (0ms)
			AwakeInstancesAfterBackupRestoration (2ms)
Platform modules already initialized, skipping
Refreshing native plugins compatible for Editor in 2.33 ms, found 2 plugins.
Preloading 0 native plugins for Editor in 0.00 ms.
Unloading 2395 Unused Serialized files (Serialized files now loaded: 0)
Unloading 52 unused Assets / (346.1 KB). Loaded Objects now: 2914.
Memory consumption went from 407.2 MB to 406.9 MB.
Total: 5.196208 ms (FindLiveObjects: 0.109584 ms CreateObjectMapping: 0.031458 ms MarkObjects: 4.985750 ms  DeleteObjects: 0.068708 ms)

AssetImportParameters requested are different than current active one (requested -> active):
  custom:video-decoder-ogg-theora: a1e56fd34408186e4bbccfd4996cb3dc -> 
  custom:container-muxer-webm: aa71ff27fc2769a1b78a27578f13a17b -> 
  custom:container-demuxer-webm: 4f35f7cbe854078d1ac9338744f61a02 -> 
  custom:video-encoder-webm-vp8: eb34c28f22e8b96e1ab97ce403110664 -> 
  custom:framework-osx-AVFoundation: e770b220cccbd017edd2c1fefb359320 -> 
  custom:audio-encoder-webm-vorbis: bf7c407c2cedff20999df2af8eb42d56 -> 
  custom:container-demuxer-ogg: 62fdf1f143b41e24485cea50d1cbac27 -> 
  custom:video-decoder-webm-vp8: 9c59270c3fd7afecdb556c50c9e8de78 -> 
  custom:audio-decoder-ogg-vorbis: bf7c407c2cedff20999df2af8eb42d56 -> 
========================================================================
Received Import Request.
  Time since last request: 145.931359 seconds.
  path: Assets/ScriptableObjects/BlueFastPlayer.asset
  artifactKey: Guid(6b093622635f8414ea08aa458f815cd8) Importer(815301076,1909f56bfc062723c751e8b465ee728b)
Start importing Assets/ScriptableObjects/BlueFastPlayer.asset using Guid(6b093622635f8414ea08aa458f815cd8) Importer(815301076,1909f56bfc062723c751e8b465ee728b)  -> (artifact id: 'c9617f8dbc927abd521781cba9b717d8') in 0.009939 seconds 
========================================================================
Received Import Request.
  Time since last request: 0.000047 seconds.
  path: Assets/ScriptableObjects/YellowSlowTank.asset
  artifactKey: Guid(b16eae04821174c9b9c2bbff9167f79b) Importer(815301076,1909f56bfc062723c751e8b465ee728b)
Start importing Assets/ScriptableObjects/YellowSlowTank.asset using Guid(b16eae04821174c9b9c2bbff9167f79b) Importer(815301076,1909f56bfc062723c751e8b465ee728b)  -> (artifact id: '1e88e3198b9558468ddac2b8bafa456b') in 0.001953 seconds 
========================================================================
Received Import Request.
  Time since last request: 0.000038 seconds.
  path: Assets/ScriptableObjects/WhiteStrongTank.asset
  artifactKey: Guid(ce6799efa8d624b05bd96441ded5f86e) Importer(815301076,1909f56bfc062723c751e8b465ee728b)
Start importing Assets/ScriptableObjects/WhiteStrongTank.asset using Guid(ce6799efa8d624b05bd96441ded5f86e) Importer(815301076,1909f56bfc062723c751e8b465ee728b)  -> (artifact id: 'ade3a29cb2431d138bd84a2d60d86a02') in 0.001769 seconds 
